[0.349s] DEBUG:colcon:Command line arguments: ['/usr/bin/colcon', 'build', '--symlink-install']
[0.350s] DEBUG:colcon:Parsed command line arguments: Namespace(log_base=None, log_level=None, verb_name='build', build_base='build', install_base='install', merge_install=False, symlink_install=True, test_result_base=None, continue_on_error=False, executor='parallel', parallel_workers=4, event_handlers=None, ignore_user_meta=False, metas=['./colcon.meta'], base_paths=['.'], packages_ignore=None, packages_ignore_regex=None, paths=None, packages_up_to=None, packages_up_to_regex=None, packages_above=None, packages_above_and_dependencies=None, packages_above_depth=None, packages_select_by_dep=None, packages_skip_by_dep=None, packages_skip_up_to=None, packages_select_build_failed=False, packages_skip_build_finished=False, packages_select_test_failures=False, packages_skip_test_passed=False, packages_select=None, packages_skip=None, packages_select_regex=None, packages_skip_regex=None, packages_start=None, packages_end=None, cmake_args=None, cmake_target=None, cmake_target_skip_unavailable=False, cmake_clean_cache=False, cmake_clean_first=False, cmake_force_configure=False, ament_cmake_args=None, catkin_cmake_args=None, catkin_skip_building_tests=False, mixin_files=None, mixin=None, verb_parser=<colcon_mixin.mixin.mixin_argument.MixinArgumentDecorator object at 0x700cf3e90da0>, verb_extension=<colcon_core.verb.build.BuildVerb object at 0x700cf3f8b2f0>, main=<bound method BuildVerb.main of <colcon_core.verb.build.BuildVerb object at 0x700cf3f8b2f0>>, mixin_verb=('build',))
[0.462s] Level 1:colcon.colcon_core.package_discovery:discover_packages(colcon_meta) check parameters
[0.462s] Level 1:colcon.colcon_core.package_discovery:discover_packages(recursive) check parameters
[0.462s] Level 1:colcon.colcon_core.package_discovery:discover_packages(ignore) check parameters
[0.462s] Level 1:colcon.colcon_core.package_discovery:discover_packages(path) check parameters
[0.463s] Level 1:colcon.colcon_core.package_discovery:discover_packages(colcon_meta) discover
[0.463s] Level 1:colcon.colcon_core.package_discovery:discover_packages(recursive) discover
[0.463s] INFO:colcon.colcon_core.package_discovery:Crawling recursively for packages in '/home/ensea/Documents/ROS_Turtle_Joystick/ros2_ws'
[0.463s] Level 1:colcon.colcon_core.package_identification:_identify(.) by extensions ['ignore', 'ignore_ament_install']
[0.463s] Level 1:colcon.colcon_core.package_identification:_identify(.) by extension 'ignore'
[0.463s] Level 1:colcon.colcon_core.package_identification:_identify(.) by extension 'ignore_ament_install'
[0.464s] Level 1:colcon.colcon_core.package_identification:_identify(.) by extensions ['colcon_pkg']
[0.464s] Level 1:colcon.colcon_core.package_identification:_identify(.) by extension 'colcon_pkg'
[0.464s] Level 1:colcon.colcon_core.package_identification:_identify(.) by extensions ['colcon_meta']
[0.464s] Level 1:colcon.colcon_core.package_identification:_identify(.) by extension 'colcon_meta'
[0.464s] Level 1:colcon.colcon_core.package_identification:_identify(.) by extensions ['ros']
[0.464s] Level 1:colcon.colcon_core.package_identification:_identify(.) by extension 'ros'
[0.538s] Level 1:colcon.colcon_core.package_identification:_identify(.) by extensions ['cmake', 'python']
[0.538s] Level 1:colcon.colcon_core.package_identification:_identify(.) by extension 'cmake'
[0.538s] Level 1:colcon.colcon_core.package_identification:_identify(.) by extension 'python'
[0.538s] Level 1:colcon.colcon_core.package_identification:_identify(.) by extensions ['python_setup_py']
[0.538s] Level 1:colcon.colcon_core.package_identification:_identify(.) by extension 'python_setup_py'
[0.539s] Level 1:colcon.colcon_core.package_identification:_identify(build) by extensions ['ignore', 'ignore_ament_install']
[0.539s] Level 1:colcon.colcon_core.package_identification:_identify(build) by extension 'ignore'
[0.539s] Level 1:colcon.colcon_core.package_identification:_identify(build) ignored
[0.539s] Level 1:colcon.colcon_core.package_identification:_identify(install) by extensions ['ignore', 'ignore_ament_install']
[0.539s] Level 1:colcon.colcon_core.package_identification:_identify(install) by extension 'ignore'
[0.539s] Level 1:colcon.colcon_core.package_identification:_identify(install) ignored
[0.539s] Level 1:colcon.colcon_core.package_identification:_identify(log) by extensions ['ignore', 'ignore_ament_install']
[0.540s] Level 1:colcon.colcon_core.package_identification:_identify(log) by extension 'ignore'
[0.540s] Level 1:colcon.colcon_core.package_identification:_identify(log) ignored
[0.540s] Level 1:colcon.colcon_core.package_identification:_identify(src) by extensions ['ignore', 'ignore_ament_install']
[0.540s] Level 1:colcon.colcon_core.package_identification:_identify(src) by extension 'ignore'
[0.540s] Level 1:colcon.colcon_core.package_identification:_identify(src) by extension 'ignore_ament_install'
[0.540s] Level 1:colcon.colcon_core.package_identification:_identify(src) by extensions ['colcon_pkg']
[0.540s] Level 1:colcon.colcon_core.package_identification:_identify(src) by extension 'colcon_pkg'
[0.540s] Level 1:colcon.colcon_core.package_identification:_identify(src) by extensions ['colcon_meta']
[0.540s] Level 1:colcon.colcon_core.package_identification:_identify(src) by extension 'colcon_meta'
[0.540s] Level 1:colcon.colcon_core.package_identification:_identify(src) by extensions ['ros']
[0.540s] Level 1:colcon.colcon_core.package_identification:_identify(src) by extension 'ros'
[0.541s] Level 1:colcon.colcon_core.package_identification:_identify(src) by extensions ['cmake', 'python']
[0.541s] Level 1:colcon.colcon_core.package_identification:_identify(src) by extension 'cmake'
[0.541s] Level 1:colcon.colcon_core.package_identification:_identify(src) by extension 'python'
[0.541s] Level 1:colcon.colcon_core.package_identification:_identify(src) by extensions ['python_setup_py']
[0.541s] Level 1:colcon.colcon_core.package_identification:_identify(src) by extension 'python_setup_py'
[0.541s] Level 1:colcon.colcon_core.package_identification:_identify(src/chenille_msc) by extensions ['ignore', 'ignore_ament_install']
[0.541s] Level 1:colcon.colcon_core.package_identification:_identify(src/chenille_msc) by extension 'ignore'
[0.541s] Level 1:colcon.colcon_core.package_identification:_identify(src/chenille_msc) by extension 'ignore_ament_install'
[0.541s] Level 1:colcon.colcon_core.package_identification:_identify(src/chenille_msc) by extensions ['colcon_pkg']
[0.541s] Level 1:colcon.colcon_core.package_identification:_identify(src/chenille_msc) by extension 'colcon_pkg'
[0.541s] Level 1:colcon.colcon_core.package_identification:_identify(src/chenille_msc) by extensions ['colcon_meta']
[0.542s] Level 1:colcon.colcon_core.package_identification:_identify(src/chenille_msc) by extension 'colcon_meta'
[0.542s] Level 1:colcon.colcon_core.package_identification:_identify(src/chenille_msc) by extensions ['ros']
[0.542s] Level 1:colcon.colcon_core.package_identification:_identify(src/chenille_msc) by extension 'ros'
[0.549s] DEBUG:colcon.colcon_core.package_identification:Package 'src/chenille_msc' with type 'ros.ament_python' and name 'chenille_msc'
[0.549s] Level 1:colcon.colcon_core.package_discovery:discover_packages(recursive) using defaults
[0.549s] Level 1:colcon.colcon_core.package_discovery:discover_packages(ignore) discover
[0.549s] Level 1:colcon.colcon_core.package_discovery:discover_packages(ignore) using defaults
[0.549s] Level 1:colcon.colcon_core.package_discovery:discover_packages(path) discover
[0.549s] Level 1:colcon.colcon_core.package_discovery:discover_packages(path) using defaults
[0.607s] Level 5:colcon.colcon_core.verb:set package 'chenille_msc' build argument 'cmake_args' from command line to 'None'
[0.607s] Level 5:colcon.colcon_core.verb:set package 'chenille_msc' build argument 'cmake_target' from command line to 'None'
[0.608s] Level 5:colcon.colcon_core.verb:set package 'chenille_msc' build argument 'cmake_target_skip_unavailable' from command line to 'False'
[0.608s] Level 5:colcon.colcon_core.verb:set package 'chenille_msc' build argument 'cmake_clean_cache' from command line to 'False'
[0.608s] Level 5:colcon.colcon_core.verb:set package 'chenille_msc' build argument 'cmake_clean_first' from command line to 'False'
[0.608s] Level 5:colcon.colcon_core.verb:set package 'chenille_msc' build argument 'cmake_force_configure' from command line to 'False'
[0.608s] Level 5:colcon.colcon_core.verb:set package 'chenille_msc' build argument 'ament_cmake_args' from command line to 'None'
[0.608s] Level 5:colcon.colcon_core.verb:set package 'chenille_msc' build argument 'catkin_cmake_args' from command line to 'None'
[0.608s] Level 5:colcon.colcon_core.verb:set package 'chenille_msc' build argument 'catkin_skip_building_tests' from command line to 'False'
[0.608s] DEBUG:colcon.colcon_core.verb:Building package 'chenille_msc' with the following arguments: {'ament_cmake_args': None, 'build_base': '/home/ensea/Documents/ROS_Turtle_Joystick/ros2_ws/build/chenille_msc', 'catkin_cmake_args': None, 'catkin_skip_building_tests': False, 'cmake_args': None, 'cmake_clean_cache': False, 'cmake_clean_first': False, 'cmake_force_configure': False, 'cmake_target': None, 'cmake_target_skip_unavailable': False, 'install_base': '/home/ensea/Documents/ROS_Turtle_Joystick/ros2_ws/install/chenille_msc', 'merge_install': False, 'path': '/home/ensea/Documents/ROS_Turtle_Joystick/ros2_ws/src/chenille_msc', 'symlink_install': True, 'test_result_base': None}
[0.608s] INFO:colcon.colcon_core.executor:Executing jobs using 'parallel' executor
[0.614s] DEBUG:colcon.colcon_parallel_executor.executor.parallel:run_until_complete
[0.616s] INFO:colcon.colcon_ros.task.ament_python.build:Building ROS package in '/home/ensea/Documents/ROS_Turtle_Joystick/ros2_ws/src/chenille_msc' with build type 'ament_python'
[0.616s] Level 1:colcon.colcon_core.shell:create_environment_hook('chenille_msc', 'ament_prefix_path')
[0.625s] INFO:colcon.colcon_core.plugin_system:Skipping extension 'colcon_core.shell.bat': Not used on non-Windows systems
[0.626s] INFO:colcon.colcon_core.shell:Creating environment hook '/home/ensea/Documents/ROS_Turtle_Joystick/ros2_ws/install/chenille_msc/share/chenille_msc/hook/ament_prefix_path.ps1'
[0.628s] INFO:colcon.colcon_core.shell:Creating environment descriptor '/home/ensea/Documents/ROS_Turtle_Joystick/ros2_ws/install/chenille_msc/share/chenille_msc/hook/ament_prefix_path.dsv'
[0.630s] INFO:colcon.colcon_core.shell:Creating environment hook '/home/ensea/Documents/ROS_Turtle_Joystick/ros2_ws/install/chenille_msc/share/chenille_msc/hook/ament_prefix_path.sh'
[0.632s] INFO:colcon.colcon_core.shell:Skip shell extension 'powershell' for command environment: Not usable outside of PowerShell
[0.632s] DEBUG:colcon.colcon_core.shell:Skip shell extension 'dsv' for command environment
[0.635s] WARNING:colcon.colcon_core.prefix_path.colcon:The path '/home/ensea/Documents/ROS_Turtle_Joystick/ros2_ws/src/install' in the environment variable COLCON_PREFIX_PATH doesn't exist
[0.636s] WARNING:colcon.colcon_ros.prefix_path.ament:The path '/home/ensea/Documents/ROS_Turtle_Joystick/ros2_ws/src/install/chenille_msc' in the environment variable AMENT_PREFIX_PATH doesn't exist
[1.195s] INFO:colcon.colcon_core.task.python.build:Building Python package in '/home/ensea/Documents/ROS_Turtle_Joystick/ros2_ws/src/chenille_msc'
[1.195s] INFO:colcon.colcon_core.shell:Skip shell extension 'powershell' for command environment: Not usable outside of PowerShell
[1.195s] DEBUG:colcon.colcon_core.shell:Skip shell extension 'dsv' for command environment
[2.850s] DEBUG:colcon.colcon_core.event_handler.log_command:Invoking command in '/home/ensea/Documents/ROS_Turtle_Joystick/ros2_ws/build/chenille_msc': DEBUGINFOD_URLS=https://debuginfod.ubuntu.com PYTHONPATH=/home/ensea/Documents/ROS_Turtle_Joystick/ros2_ws/build/chenille_msc/prefix_override:/usr/lib/python3/dist-packages/colcon_core/task/python/colcon_distutils_commands:/home/ensea/Documents/ROS_Turtle_Joystick/ros2_ws/install/chenille_msc/lib/python3.12/site-packages:${PYTHONPATH} /usr/bin/python3 -W ignore:setup.py install is deprecated setup.py develop --editable --build-directory /home/ensea/Documents/ROS_Turtle_Joystick/ros2_ws/build/chenille_msc/build --no-deps symlink_data
[5.112s] Level 1:colcon.colcon_core.shell:create_environment_hook('chenille_msc', 'pythonpath_develop')
[5.112s] INFO:colcon.colcon_core.shell:Creating environment hook '/home/ensea/Documents/ROS_Turtle_Joystick/ros2_ws/build/chenille_msc/share/chenille_msc/hook/pythonpath_develop.ps1'
[5.116s] DEBUG:colcon.colcon_core.event_handler.log_command:Invoked command in '/home/ensea/Documents/ROS_Turtle_Joystick/ros2_ws/build/chenille_msc' returned '0': DEBUGINFOD_URLS=https://debuginfod.ubuntu.com PYTHONPATH=/home/ensea/Documents/ROS_Turtle_Joystick/ros2_ws/build/chenille_msc/prefix_override:/usr/lib/python3/dist-packages/colcon_core/task/python/colcon_distutils_commands:/home/ensea/Documents/ROS_Turtle_Joystick/ros2_ws/install/chenille_msc/lib/python3.12/site-packages:${PYTHONPATH} /usr/bin/python3 -W ignore:setup.py install is deprecated setup.py develop --editable --build-directory /home/ensea/Documents/ROS_Turtle_Joystick/ros2_ws/build/chenille_msc/build --no-deps symlink_data
[5.119s] INFO:colcon.colcon_core.shell:Creating environment descriptor '/home/ensea/Documents/ROS_Turtle_Joystick/ros2_ws/build/chenille_msc/share/chenille_msc/hook/pythonpath_develop.dsv'
[5.121s] INFO:colcon.colcon_core.shell:Creating environment hook '/home/ensea/Documents/ROS_Turtle_Joystick/ros2_ws/build/chenille_msc/share/chenille_msc/hook/pythonpath_develop.sh'
[5.133s] Level 1:colcon.colcon_core.environment:checking '/home/ensea/Documents/ROS_Turtle_Joystick/ros2_ws/install/chenille_msc' for CMake module files
[5.136s] Level 1:colcon.colcon_core.environment:checking '/home/ensea/Documents/ROS_Turtle_Joystick/ros2_ws/install/chenille_msc' for CMake config files
[5.139s] Level 1:colcon.colcon_core.environment:checking '/home/ensea/Documents/ROS_Turtle_Joystick/ros2_ws/install/chenille_msc/lib'
[5.140s] Level 1:colcon.colcon_core.environment:checking '/home/ensea/Documents/ROS_Turtle_Joystick/ros2_ws/install/chenille_msc/bin'
[5.140s] Level 1:colcon.colcon_core.environment:checking '/home/ensea/Documents/ROS_Turtle_Joystick/ros2_ws/install/chenille_msc/lib/pkgconfig/chenille_msc.pc'
[5.141s] Level 1:colcon.colcon_core.environment:checking '/home/ensea/Documents/ROS_Turtle_Joystick/ros2_ws/install/chenille_msc/lib/python3.12/site-packages'
[5.142s] Level 1:colcon.colcon_core.shell:create_environment_hook('chenille_msc', 'pythonpath')
[5.143s] INFO:colcon.colcon_core.shell:Creating environment hook '/home/ensea/Documents/ROS_Turtle_Joystick/ros2_ws/install/chenille_msc/share/chenille_msc/hook/pythonpath.ps1'
[5.144s] INFO:colcon.colcon_core.shell:Creating environment descriptor '/home/ensea/Documents/ROS_Turtle_Joystick/ros2_ws/install/chenille_msc/share/chenille_msc/hook/pythonpath.dsv'
[5.145s] INFO:colcon.colcon_core.shell:Creating environment hook '/home/ensea/Documents/ROS_Turtle_Joystick/ros2_ws/install/chenille_msc/share/chenille_msc/hook/pythonpath.sh'
[5.146s] Level 1:colcon.colcon_core.environment:checking '/home/ensea/Documents/ROS_Turtle_Joystick/ros2_ws/install/chenille_msc/bin'
[5.147s] Level 1:colcon.colcon_core.environment:create_environment_scripts_only(chenille_msc)
[5.149s] INFO:colcon.colcon_core.shell:Creating package script '/home/ensea/Documents/ROS_Turtle_Joystick/ros2_ws/install/chenille_msc/share/chenille_msc/package.ps1'
[5.152s] INFO:colcon.colcon_core.shell:Creating package descriptor '/home/ensea/Documents/ROS_Turtle_Joystick/ros2_ws/install/chenille_msc/share/chenille_msc/package.dsv'
[5.153s] INFO:colcon.colcon_core.shell:Creating package script '/home/ensea/Documents/ROS_Turtle_Joystick/ros2_ws/install/chenille_msc/share/chenille_msc/package.sh'
[5.156s] INFO:colcon.colcon_core.shell:Creating package script '/home/ensea/Documents/ROS_Turtle_Joystick/ros2_ws/install/chenille_msc/share/chenille_msc/package.bash'
[5.158s] INFO:colcon.colcon_core.shell:Creating package script '/home/ensea/Documents/ROS_Turtle_Joystick/ros2_ws/install/chenille_msc/share/chenille_msc/package.zsh'
[5.160s] Level 1:colcon.colcon_core.environment:create_file_with_runtime_dependencies(/home/ensea/Documents/ROS_Turtle_Joystick/ros2_ws/install/chenille_msc/share/colcon-core/packages/chenille_msc)
[5.162s] DEBUG:colcon.colcon_parallel_executor.executor.parallel:closing loop
[5.165s] DEBUG:colcon.colcon_parallel_executor.executor.parallel:loop closed
[5.166s] DEBUG:colcon.colcon_parallel_executor.executor.parallel:run_until_complete finished with '0'
[5.166s] DEBUG:colcon.colcon_core.event_reactor:joining thread
[5.199s] INFO:colcon.colcon_core.plugin_system:Skipping extension 'colcon_notification.desktop_notification.terminal_notifier': Not used on non-Darwin systems
[5.200s] INFO:colcon.colcon_core.plugin_system:Skipping extension 'colcon_notification.desktop_notification.win32': Not used on non-Windows systems
[5.201s] INFO:colcon.colcon_notification.desktop_notification:Sending desktop notification using 'notify2'
[5.304s] DEBUG:colcon.colcon_core.event_reactor:joined thread
[5.305s] INFO:colcon.colcon_core.shell:Creating prefix script '/home/ensea/Documents/ROS_Turtle_Joystick/ros2_ws/install/local_setup.ps1'
[5.310s] INFO:colcon.colcon_core.shell:Creating prefix util module '/home/ensea/Documents/ROS_Turtle_Joystick/ros2_ws/install/_local_setup_util_ps1.py'
[5.318s] INFO:colcon.colcon_core.shell:Creating prefix chain script '/home/ensea/Documents/ROS_Turtle_Joystick/ros2_ws/install/setup.ps1'
[5.322s] INFO:colcon.colcon_core.shell:Creating prefix script '/home/ensea/Documents/ROS_Turtle_Joystick/ros2_ws/install/local_setup.sh'
[5.324s] INFO:colcon.colcon_core.shell:Creating prefix util module '/home/ensea/Documents/ROS_Turtle_Joystick/ros2_ws/install/_local_setup_util_sh.py'
[5.325s] INFO:colcon.colcon_core.shell:Creating prefix chain script '/home/ensea/Documents/ROS_Turtle_Joystick/ros2_ws/install/setup.sh'
[5.326s] INFO:colcon.colcon_core.shell:Creating prefix script '/home/ensea/Documents/ROS_Turtle_Joystick/ros2_ws/install/local_setup.bash'
[5.327s] INFO:colcon.colcon_core.shell:Creating prefix chain script '/home/ensea/Documents/ROS_Turtle_Joystick/ros2_ws/install/setup.bash'
[5.328s] INFO:colcon.colcon_core.shell:Creating prefix script '/home/ensea/Documents/ROS_Turtle_Joystick/ros2_ws/install/local_setup.zsh'
[5.329s] INFO:colcon.colcon_core.shell:Creating prefix chain script '/home/ensea/Documents/ROS_Turtle_Joystick/ros2_ws/install/setup.zsh'
